[debug] [2024-06-30T14:31:36.919Z] ----------------------------------------------------------------------
[debug] [2024-06-30T14:31:36.922Z] Command:       C:\Program Files\nodejs\node.exe C:\Users\LENOVO\AppData\Roaming\npm\node_modules\firebase-tools\lib\bin\firebase.js deploy --only functions
[debug] [2024-06-30T14:31:36.923Z] CLI Version:   13.11.2
[debug] [2024-06-30T14:31:36.923Z] Platform:      win32
[debug] [2024-06-30T14:31:36.924Z] Node Version:  v20.10.0
[debug] [2024-06-30T14:31:36.924Z] Time:          Sun Jun 30 2024 15:31:36 GMT+0100 (West Africa Standard Time)
[debug] [2024-06-30T14:31:36.924Z] ----------------------------------------------------------------------
[debug] 
[debug] [2024-06-30T14:31:37.071Z] > command requires scopes: ["email","openid","https://www.googleapis.com/auth/cloudplatformprojects.readonly","https://www.googleapis.com/auth/firebase","https://www.googleapis.com/auth/cloud-platform"]
[debug] [2024-06-30T14:31:37.072Z] > authorizing via signed-in user (malikabdulazeez27@gmail.com)
[debug] [2024-06-30T14:31:37.072Z] [iam] checking project staff-directory-89ac3 for permissions ["cloudfunctions.functions.create","cloudfunctions.functions.delete","cloudfunctions.functions.get","cloudfunctions.functions.list","cloudfunctions.functions.update","cloudfunctions.operations.get","firebase.projects.get"]
[debug] [2024-06-30T14:31:37.075Z] >>> [apiv2][query] POST https://cloudresourcemanager.googleapis.com/v1/projects/staff-directory-89ac3:testIamPermissions [none]
[debug] [2024-06-30T14:31:37.075Z] >>> [apiv2][(partial)header] POST https://cloudresourcemanager.googleapis.com/v1/projects/staff-directory-89ac3:testIamPermissions x-goog-quota-user=projects/staff-directory-89ac3
[debug] [2024-06-30T14:31:37.075Z] >>> [apiv2][body] POST https://cloudresourcemanager.googleapis.com/v1/projects/staff-directory-89ac3:testIamPermissions {"permissions":["cloudfunctions.functions.create","cloudfunctions.functions.delete","cloudfunctions.functions.get","cloudfunctions.functions.list","cloudfunctions.functions.update","cloudfunctions.operations.get","firebase.projects.get"]}
[debug] [2024-06-30T14:31:48.453Z] *** [apiv2] error from fetch(https://cloudresourcemanager.googleapis.com/v1/projects/staff-directory-89ac3:testIamPermissions, {"headers":{},"method":"POST","body":"{\"permissions\":[\"cloudfunctions.functions.create\",\"cloudfunctions.functions.delete\",\"cloudfunctions.functions.get\",\"cloudfunctions.functions.list\",\"cloudfunctions.functions.update\",\"cloudfunctions.operations.get\",\"firebase.projects.get\"]}"}): FetchError: request to https://cloudresourcemanager.googleapis.com/v1/projects/staff-directory-89ac3:testIamPermissions failed, reason: getaddrinfo ENOTFOUND cloudresourcemanager.googleapis.com
[debug] [2024-06-30T14:31:48.453Z] [iam] error while checking permissions, command may fail: FirebaseError: Failed to make request to https://cloudresourcemanager.googleapis.com/v1/projects/staff-directory-89ac3:testIamPermissions
[debug] [2024-06-30T14:31:48.454Z] >>> [apiv2][query] POST https://iam.googleapis.com/v1/projects/staff-directory-89ac3/serviceAccounts/staff-directory-89ac3@appspot.gserviceaccount.com:testIamPermissions [none]
[debug] [2024-06-30T14:31:48.454Z] >>> [apiv2][body] POST https://iam.googleapis.com/v1/projects/staff-directory-89ac3/serviceAccounts/staff-directory-89ac3@appspot.gserviceaccount.com:testIamPermissions {"permissions":["iam.serviceAccounts.actAs"]}
[debug] [2024-06-30T14:31:59.501Z] <<< [apiv2][status] POST https://iam.googleapis.com/v1/projects/staff-directory-89ac3/serviceAccounts/staff-directory-89ac3@appspot.gserviceaccount.com:testIamPermissions 200
[debug] [2024-06-30T14:31:59.501Z] <<< [apiv2][body] POST https://iam.googleapis.com/v1/projects/staff-directory-89ac3/serviceAccounts/staff-directory-89ac3@appspot.gserviceaccount.com:testIamPermissions {"permissions":["iam.serviceAccounts.actAs"]}
[info] 
[info] === Deploying to 'staff-directory-89ac3'...
[info] 
[info] i  deploying functions 
[debug] [2024-06-30T14:31:59.510Z] >>> [apiv2][query] GET https://firebase.googleapis.com/v1beta1/projects/staff-directory-89ac3 [none]
[debug] [2024-06-30T14:32:00.281Z] <<< [apiv2][status] GET https://firebase.googleapis.com/v1beta1/projects/staff-directory-89ac3 200
[debug] [2024-06-30T14:32:00.281Z] <<< [apiv2][body] GET https://firebase.googleapis.com/v1beta1/projects/staff-directory-89ac3 {"projectId":"staff-directory-89ac3","projectNumber":"533782039763","displayName":"staff-directory","name":"projects/staff-directory-89ac3","resources":{"hostingSite":"staff-directory-89ac3","storageBucket":"staff-directory-89ac3.appspot.com","locationId":"us-central"},"state":"ACTIVE","etag":"1_b4bafefa-8282-4400-a9d1-b220672e1165"}
[info] i  functions: preparing codebase default for deployment 
[info] i  functions: ensuring required API cloudfunctions.googleapis.com is enabled... 
[info] i  functions: ensuring required API cloudbuild.googleapis.com is enabled... 
[info] i  artifactregistry: ensuring required API artifactregistry.googleapis.com is enabled... 
[debug] [2024-06-30T14:32:00.288Z] >>> [apiv2][query] GET https://serviceusage.googleapis.com/v1/projects/staff-directory-89ac3/services/cloudfunctions.googleapis.com [none]
[debug] [2024-06-30T14:32:00.288Z] >>> [apiv2][(partial)header] GET https://serviceusage.googleapis.com/v1/projects/staff-directory-89ac3/services/cloudfunctions.googleapis.com x-goog-quota-user=projects/staff-directory-89ac3
[debug] [2024-06-30T14:32:00.292Z] >>> [apiv2][query] GET https://serviceusage.googleapis.com/v1/projects/staff-directory-89ac3/services/runtimeconfig.googleapis.com [none]
[debug] [2024-06-30T14:32:00.292Z] >>> [apiv2][(partial)header] GET https://serviceusage.googleapis.com/v1/projects/staff-directory-89ac3/services/runtimeconfig.googleapis.com x-goog-quota-user=projects/staff-directory-89ac3
[debug] [2024-06-30T14:32:00.296Z] >>> [apiv2][query] GET https://serviceusage.googleapis.com/v1/projects/staff-directory-89ac3/services/cloudbuild.googleapis.com [none]
[debug] [2024-06-30T14:32:00.296Z] >>> [apiv2][(partial)header] GET https://serviceusage.googleapis.com/v1/projects/staff-directory-89ac3/services/cloudbuild.googleapis.com x-goog-quota-user=projects/staff-directory-89ac3
[debug] [2024-06-30T14:32:00.300Z] >>> [apiv2][query] GET https://serviceusage.googleapis.com/v1/projects/staff-directory-89ac3/services/artifactregistry.googleapis.com [none]
[debug] [2024-06-30T14:32:00.300Z] >>> [apiv2][(partial)header] GET https://serviceusage.googleapis.com/v1/projects/staff-directory-89ac3/services/artifactregistry.googleapis.com x-goog-quota-user=projects/staff-directory-89ac3
[debug] [2024-06-30T14:32:03.679Z] <<< [apiv2][status] GET https://serviceusage.googleapis.com/v1/projects/staff-directory-89ac3/services/runtimeconfig.googleapis.com 200
[debug] [2024-06-30T14:32:03.679Z] <<< [apiv2][body] GET https://serviceusage.googleapis.com/v1/projects/staff-directory-89ac3/services/runtimeconfig.googleapis.com [omitted]
[debug] [2024-06-30T14:32:03.700Z] <<< [apiv2][status] GET https://serviceusage.googleapis.com/v1/projects/staff-directory-89ac3/services/artifactregistry.googleapis.com 200
[debug] [2024-06-30T14:32:03.701Z] <<< [apiv2][body] GET https://serviceusage.googleapis.com/v1/projects/staff-directory-89ac3/services/artifactregistry.googleapis.com [omitted]
[warn] !  artifactregistry: missing required API artifactregistry.googleapis.com. Enabling now... 
[debug] [2024-06-30T14:32:03.702Z] >>> [apiv2][query] POST https://serviceusage.googleapis.com/v1/projects/staff-directory-89ac3/services/artifactregistry.googleapis.com:enable [none]
[debug] [2024-06-30T14:32:03.702Z] >>> [apiv2][(partial)header] POST https://serviceusage.googleapis.com/v1/projects/staff-directory-89ac3/services/artifactregistry.googleapis.com:enable x-goog-quota-user=projects/staff-directory-89ac3
[debug] [2024-06-30T14:32:03.707Z] <<< [apiv2][status] GET https://serviceusage.googleapis.com/v1/projects/staff-directory-89ac3/services/cloudfunctions.googleapis.com 200
[debug] [2024-06-30T14:32:03.707Z] <<< [apiv2][body] GET https://serviceusage.googleapis.com/v1/projects/staff-directory-89ac3/services/cloudfunctions.googleapis.com [omitted]
[info] +  functions: required API cloudfunctions.googleapis.com is enabled 
[debug] [2024-06-30T14:32:03.837Z] <<< [apiv2][status] GET https://serviceusage.googleapis.com/v1/projects/staff-directory-89ac3/services/cloudbuild.googleapis.com 200
[debug] [2024-06-30T14:32:03.837Z] <<< [apiv2][body] GET https://serviceusage.googleapis.com/v1/projects/staff-directory-89ac3/services/cloudbuild.googleapis.com [omitted]
[warn] !  functions: missing required API cloudbuild.googleapis.com. Enabling now... 
[debug] [2024-06-30T14:32:03.839Z] >>> [apiv2][query] POST https://serviceusage.googleapis.com/v1/projects/staff-directory-89ac3/services/cloudbuild.googleapis.com:enable [none]
[debug] [2024-06-30T14:32:03.839Z] >>> [apiv2][(partial)header] POST https://serviceusage.googleapis.com/v1/projects/staff-directory-89ac3/services/cloudbuild.googleapis.com:enable x-goog-quota-user=projects/staff-directory-89ac3
[debug] [2024-06-30T14:32:04.875Z] <<< [apiv2][status] POST https://serviceusage.googleapis.com/v1/projects/staff-directory-89ac3/services/artifactregistry.googleapis.com:enable 400
[debug] [2024-06-30T14:32:04.875Z] <<< [apiv2][body] POST https://serviceusage.googleapis.com/v1/projects/staff-directory-89ac3/services/artifactregistry.googleapis.com:enable [omitted]
[debug] [2024-06-30T14:32:04.883Z] <<< [apiv2][status] POST https://serviceusage.googleapis.com/v1/projects/staff-directory-89ac3/services/cloudbuild.googleapis.com:enable 400
[debug] [2024-06-30T14:32:04.883Z] <<< [apiv2][body] POST https://serviceusage.googleapis.com/v1/projects/staff-directory-89ac3/services/cloudbuild.googleapis.com:enable [omitted]
[debug] [2024-06-30T14:32:09.889Z] Error: Timed out.
    at Timeout._onTimeout (C:\Users\LENOVO\AppData\Roaming\npm\node_modules\firebase-tools\lib\utils.js:267:49)
    at listOnTimeout (node:internal/timers:573:17)
    at process.processTimers (node:internal/timers:514:7)
[error] 
[error] Error: An unexpected error has occurred.
[debug] [2024-06-30T14:50:32.037Z] ----------------------------------------------------------------------
[debug] [2024-06-30T14:50:32.040Z] Command:       C:\Program Files\nodejs\node.exe C:\Users\LENOVO\AppData\Roaming\npm\node_modules\firebase-tools\lib\bin\firebase.js deploy --only functions --debug
[debug] [2024-06-30T14:50:32.041Z] CLI Version:   13.12.0
[debug] [2024-06-30T14:50:32.041Z] Platform:      win32
[debug] [2024-06-30T14:50:32.041Z] Node Version:  v20.10.0
[debug] [2024-06-30T14:50:32.041Z] Time:          Sun Jun 30 2024 15:50:32 GMT+0100 (West Africa Standard Time)
[debug] [2024-06-30T14:50:32.041Z] ----------------------------------------------------------------------
[debug] 
[debug] [2024-06-30T14:50:32.136Z] > command requires scopes: ["email","openid","https://www.googleapis.com/auth/cloudplatformprojects.readonly","https://www.googleapis.com/auth/firebase","https://www.googleapis.com/auth/cloud-platform"]
[debug] [2024-06-30T14:50:32.139Z] > authorizing via signed-in user (malikabdulazeez27@gmail.com)
[debug] [2024-06-30T14:50:32.139Z] [iam] checking project staff-directory-89ac3 for permissions ["cloudfunctions.functions.create","cloudfunctions.functions.delete","cloudfunctions.functions.get","cloudfunctions.functions.list","cloudfunctions.functions.update","cloudfunctions.operations.get","firebase.projects.get"]
[debug] [2024-06-30T14:50:32.142Z] > refreshing access token with scopes: []
[debug] [2024-06-30T14:50:32.146Z] >>> [apiv2][query] POST https://www.googleapis.com/oauth2/v3/token [none]
[debug] [2024-06-30T14:50:32.147Z] >>> [apiv2][body] POST https://www.googleapis.com/oauth2/v3/token [omitted]
[debug] [2024-06-30T14:50:32.712Z] <<< [apiv2][status] POST https://www.googleapis.com/oauth2/v3/token 200
[debug] [2024-06-30T14:50:32.712Z] <<< [apiv2][body] POST https://www.googleapis.com/oauth2/v3/token [omitted]
[debug] [2024-06-30T14:50:32.722Z] >>> [apiv2][query] POST https://cloudresourcemanager.googleapis.com/v1/projects/staff-directory-89ac3:testIamPermissions [none]
[debug] [2024-06-30T14:50:32.722Z] >>> [apiv2][(partial)header] POST https://cloudresourcemanager.googleapis.com/v1/projects/staff-directory-89ac3:testIamPermissions x-goog-quota-user=projects/staff-directory-89ac3
[debug] [2024-06-30T14:50:32.723Z] >>> [apiv2][body] POST https://cloudresourcemanager.googleapis.com/v1/projects/staff-directory-89ac3:testIamPermissions {"permissions":["cloudfunctions.functions.create","cloudfunctions.functions.delete","cloudfunctions.functions.get","cloudfunctions.functions.list","cloudfunctions.functions.update","cloudfunctions.operations.get","firebase.projects.get"]}
[debug] [2024-06-30T14:50:33.770Z] <<< [apiv2][status] POST https://cloudresourcemanager.googleapis.com/v1/projects/staff-directory-89ac3:testIamPermissions 200
[debug] [2024-06-30T14:50:33.771Z] <<< [apiv2][body] POST https://cloudresourcemanager.googleapis.com/v1/projects/staff-directory-89ac3:testIamPermissions {"permissions":["cloudfunctions.functions.create","cloudfunctions.functions.delete","cloudfunctions.functions.get","cloudfunctions.functions.list","cloudfunctions.functions.update","cloudfunctions.operations.get","firebase.projects.get"]}
[debug] [2024-06-30T14:50:33.772Z] >>> [apiv2][query] POST https://iam.googleapis.com/v1/projects/staff-directory-89ac3/serviceAccounts/staff-directory-89ac3@appspot.gserviceaccount.com:testIamPermissions [none]
[debug] [2024-06-30T14:50:33.773Z] >>> [apiv2][body] POST https://iam.googleapis.com/v1/projects/staff-directory-89ac3/serviceAccounts/staff-directory-89ac3@appspot.gserviceaccount.com:testIamPermissions {"permissions":["iam.serviceAccounts.actAs"]}
[debug] [2024-06-30T14:50:34.896Z] <<< [apiv2][status] POST https://iam.googleapis.com/v1/projects/staff-directory-89ac3/serviceAccounts/staff-directory-89ac3@appspot.gserviceaccount.com:testIamPermissions 200
[debug] [2024-06-30T14:50:34.897Z] <<< [apiv2][body] POST https://iam.googleapis.com/v1/projects/staff-directory-89ac3/serviceAccounts/staff-directory-89ac3@appspot.gserviceaccount.com:testIamPermissions {"permissions":["iam.serviceAccounts.actAs"]}
[info] 
[info] === Deploying to 'staff-directory-89ac3'...
[info] 
[info] i  deploying functions 
[debug] [2024-06-30T14:50:34.902Z] >>> [apiv2][query] GET https://firebase.googleapis.com/v1beta1/projects/staff-directory-89ac3 [none]
[debug] [2024-06-30T14:50:35.468Z] <<< [apiv2][status] GET https://firebase.googleapis.com/v1beta1/projects/staff-directory-89ac3 200
[debug] [2024-06-30T14:50:35.469Z] <<< [apiv2][body] GET https://firebase.googleapis.com/v1beta1/projects/staff-directory-89ac3 {"projectId":"staff-directory-89ac3","projectNumber":"533782039763","displayName":"staff-directory","name":"projects/staff-directory-89ac3","resources":{"hostingSite":"staff-directory-89ac3","storageBucket":"staff-directory-89ac3.appspot.com","locationId":"us-central"},"state":"ACTIVE","etag":"1_b4bafefa-8282-4400-a9d1-b220672e1165"}
[info] i  functions: preparing codebase default for deployment 
[info] i  functions: ensuring required API cloudfunctions.googleapis.com is enabled... 
[info] i  functions: ensuring required API cloudbuild.googleapis.com is enabled... 
[info] i  artifactregistry: ensuring required API artifactregistry.googleapis.com is enabled... 
[debug] [2024-06-30T14:50:35.472Z] >>> [apiv2][query] GET https://serviceusage.googleapis.com/v1/projects/staff-directory-89ac3/services/cloudfunctions.googleapis.com [none]
[debug] [2024-06-30T14:50:35.472Z] >>> [apiv2][(partial)header] GET https://serviceusage.googleapis.com/v1/projects/staff-directory-89ac3/services/cloudfunctions.googleapis.com x-goog-quota-user=projects/staff-directory-89ac3
[debug] [2024-06-30T14:50:35.474Z] >>> [apiv2][query] GET https://serviceusage.googleapis.com/v1/projects/staff-directory-89ac3/services/runtimeconfig.googleapis.com [none]
[debug] [2024-06-30T14:50:35.474Z] >>> [apiv2][(partial)header] GET https://serviceusage.googleapis.com/v1/projects/staff-directory-89ac3/services/runtimeconfig.googleapis.com x-goog-quota-user=projects/staff-directory-89ac3
[debug] [2024-06-30T14:50:35.476Z] >>> [apiv2][query] GET https://serviceusage.googleapis.com/v1/projects/staff-directory-89ac3/services/cloudbuild.googleapis.com [none]
[debug] [2024-06-30T14:50:35.477Z] >>> [apiv2][(partial)header] GET https://serviceusage.googleapis.com/v1/projects/staff-directory-89ac3/services/cloudbuild.googleapis.com x-goog-quota-user=projects/staff-directory-89ac3
[debug] [2024-06-30T14:50:35.478Z] >>> [apiv2][query] GET https://serviceusage.googleapis.com/v1/projects/staff-directory-89ac3/services/artifactregistry.googleapis.com [none]
[debug] [2024-06-30T14:50:35.479Z] >>> [apiv2][(partial)header] GET https://serviceusage.googleapis.com/v1/projects/staff-directory-89ac3/services/artifactregistry.googleapis.com x-goog-quota-user=projects/staff-directory-89ac3
[debug] [2024-06-30T14:50:36.797Z] <<< [apiv2][status] GET https://serviceusage.googleapis.com/v1/projects/staff-directory-89ac3/services/runtimeconfig.googleapis.com 200
[debug] [2024-06-30T14:50:36.797Z] <<< [apiv2][body] GET https://serviceusage.googleapis.com/v1/projects/staff-directory-89ac3/services/runtimeconfig.googleapis.com [omitted]
[debug] [2024-06-30T14:50:36.799Z] <<< [apiv2][status] GET https://serviceusage.googleapis.com/v1/projects/staff-directory-89ac3/services/artifactregistry.googleapis.com 200
[debug] [2024-06-30T14:50:36.799Z] <<< [apiv2][body] GET https://serviceusage.googleapis.com/v1/projects/staff-directory-89ac3/services/artifactregistry.googleapis.com [omitted]
[warn] !  artifactregistry: missing required API artifactregistry.googleapis.com. Enabling now... 
[debug] [2024-06-30T14:50:36.800Z] >>> [apiv2][query] POST https://serviceusage.googleapis.com/v1/projects/staff-directory-89ac3/services/artifactregistry.googleapis.com:enable [none]
[debug] [2024-06-30T14:50:36.800Z] >>> [apiv2][(partial)header] POST https://serviceusage.googleapis.com/v1/projects/staff-directory-89ac3/services/artifactregistry.googleapis.com:enable x-goog-quota-user=projects/staff-directory-89ac3
[debug] [2024-06-30T14:50:36.828Z] <<< [apiv2][status] GET https://serviceusage.googleapis.com/v1/projects/staff-directory-89ac3/services/cloudfunctions.googleapis.com 200
[debug] [2024-06-30T14:50:36.829Z] <<< [apiv2][body] GET https://serviceusage.googleapis.com/v1/projects/staff-directory-89ac3/services/cloudfunctions.googleapis.com [omitted]
[info] +  functions: required API cloudfunctions.googleapis.com is enabled 
[debug] [2024-06-30T14:50:36.937Z] <<< [apiv2][status] GET https://serviceusage.googleapis.com/v1/projects/staff-directory-89ac3/services/cloudbuild.googleapis.com 200
[debug] [2024-06-30T14:50:36.937Z] <<< [apiv2][body] GET https://serviceusage.googleapis.com/v1/projects/staff-directory-89ac3/services/cloudbuild.googleapis.com [omitted]
[warn] !  functions: missing required API cloudbuild.googleapis.com. Enabling now... 
[debug] [2024-06-30T14:50:36.938Z] >>> [apiv2][query] POST https://serviceusage.googleapis.com/v1/projects/staff-directory-89ac3/services/cloudbuild.googleapis.com:enable [none]
[debug] [2024-06-30T14:50:36.938Z] >>> [apiv2][(partial)header] POST https://serviceusage.googleapis.com/v1/projects/staff-directory-89ac3/services/cloudbuild.googleapis.com:enable x-goog-quota-user=projects/staff-directory-89ac3
[debug] [2024-06-30T14:50:37.706Z] <<< [apiv2][status] POST https://serviceusage.googleapis.com/v1/projects/staff-directory-89ac3/services/artifactregistry.googleapis.com:enable 400
[debug] [2024-06-30T14:50:37.706Z] <<< [apiv2][body] POST https://serviceusage.googleapis.com/v1/projects/staff-directory-89ac3/services/artifactregistry.googleapis.com:enable [omitted]
[error] 
[error] Error: Your project staff-directory-89ac3 must be on the Blaze (pay-as-you-go) plan to complete this command. Required API artifactregistry.googleapis.com can't be enabled until the upgrade is complete. To upgrade, visit the following URL:

https://console.firebase.google.com/project/staff-directory-89ac3/usage/details
[debug] [2024-06-30T14:50:38.126Z] <<< [apiv2][status] POST https://serviceusage.googleapis.com/v1/projects/staff-directory-89ac3/services/cloudbuild.googleapis.com:enable 400
[debug] [2024-06-30T14:50:38.127Z] <<< [apiv2][body] POST https://serviceusage.googleapis.com/v1/projects/staff-directory-89ac3/services/cloudbuild.googleapis.com:enable [omitted]
